<?xml version="1.0" encoding="UTF-8"?>
<testsuite xmlns:xsi="http://www.w3.org/2001/XMLSchema-instance" xsi:noNamespaceSchemaLocation="https://maven.apache.org/surefire/maven-surefire-plugin/xsd/surefire-test-report-3.0.xsd" version="3.0" name="com.paymybuddy.RamonetJoffreyPayMyBuddyApplicationTests" time="0.382" tests="1" errors="0" skipped="0" failures="0">
  <properties>
[...]
</properties>
  <testcase name="contextLoads" classname="com.paymybuddy.RamonetJoffreyPayMyBuddyApplicationTests" time="0.003">
    <system-out><![CDATA[2024-01-29T09:33:48.469+02:00  INFO 21092 --- [           main] t.c.s.AnnotationConfigContextLoaderUtils : Could not detect default configuration classes for test class [com.paymybuddy.RamonetJoffreyPayMyBuddyApplicationTests]: RamonetJoffreyPayMyBuddyApplicationTests does not declare any static, non-private, non-final, nested classes annotated with @Configuration.
2024-01-29T09:33:48.471+02:00  INFO 21092 --- [           main] .b.t.c.SpringBootTestContextBootstrapper : Found @SpringBootConfiguration com.paymybuddy.RamonetJoffreyPayMyBuddyApplication for test class com.paymybuddy.RamonetJoffreyPayMyBuddyApplicationTests

  .   ____          _            __ _ _
 /\\ / ___'_ __ _ _(_)_ __  __ _ \ \ \ \
( ( )\___ | '_ | '_| | '_ \/ _` | \ \ \ \
 \\/  ___)| |_)| | | | | || (_| |  ) ) ) )
  '  |____| .__|_| |_|_| |_\__, | / / / /
 =========|_|==============|___/=/_/_/_/
 :: Spring Boot ::                (v3.2.0)

2024-01-29T09:33:48.486+02:00  INFO 21092 --- [           main] RamonetJoffreyPayMyBuddyApplicationTests : Starting RamonetJoffreyPayMyBuddyApplicationTests using Java 21.0.1 with PID 21092 (started by minir in C:\2-DEV\gitDepot\RAMONET-Joffrey-Pay-My-Buddy)
2024-01-29T09:33:48.486+02:00 DEBUG 21092 --- [           main] RamonetJoffreyPayMyBuddyApplicationTests : Running with Spring Boot v3.2.0, Spring v6.1.1
2024-01-29T09:33:48.486+02:00  INFO 21092 --- [           main] RamonetJoffreyPayMyBuddyApplicationTests : No active profile set, falling back to 1 default profile: "default"
2024-01-29T09:33:48.585+02:00  INFO 21092 --- [           main] .s.d.r.c.RepositoryConfigurationDelegate : Bootstrapping Spring Data JPA repositories in DEFAULT mode.
2024-01-29T09:33:48.593+02:00  INFO 21092 --- [           main] .s.d.r.c.RepositoryConfigurationDelegate : Finished Spring Data repository scanning in 7 ms. Found 3 JPA repository interfaces.
2024-01-29T09:33:48.637+02:00  INFO 21092 --- [           main] o.hibernate.jpa.internal.util.LogHelper  : HHH000204: Processing PersistenceUnitInfo [name: default]
2024-01-29T09:33:48.638+02:00  INFO 21092 --- [           main] o.h.c.internal.RegionFactoryInitiator    : HHH000026: Second-level cache disabled
2024-01-29T09:33:48.641+02:00  INFO 21092 --- [           main] o.s.o.j.p.SpringPersistenceUnitInfo      : No LoadTimeWeaver setup: ignoring JPA class transformer
2024-01-29T09:33:48.642+02:00  INFO 21092 --- [           main] com.zaxxer.hikari.HikariDataSource       : HikariPool-7 - Starting...
2024-01-29T09:33:48.650+02:00  INFO 21092 --- [           main] com.zaxxer.hikari.pool.HikariPool        : HikariPool-7 - Added connection com.mysql.cj.jdbc.ConnectionImpl@70a81fe9
2024-01-29T09:33:48.652+02:00  INFO 21092 --- [           main] com.zaxxer.hikari.HikariDataSource       : HikariPool-7 - Start completed.
2024-01-29T09:33:48.652+02:00  WARN 21092 --- [           main] org.hibernate.orm.deprecation            : HHH90000025: MySQL8Dialect does not need to be specified explicitly using 'hibernate.dialect' (remove the property setting and it will be selected by default)
2024-01-29T09:33:48.652+02:00  WARN 21092 --- [           main] org.hibernate.orm.deprecation            : HHH90000026: MySQL8Dialect has been deprecated; use org.hibernate.dialect.MySQLDialect instead
2024-01-29T09:33:48.704+02:00  INFO 21092 --- [           main] o.h.e.t.j.p.i.JtaPlatformInitiator       : HHH000489: No JTA platform available (set 'hibernate.transaction.jta.platform' to enable JTA platform integration)
2024-01-29T09:33:48.725+02:00  INFO 21092 --- [           main] j.LocalContainerEntityManagerFactoryBean : Initialized JPA EntityManagerFactory for persistence unit 'default'
2024-01-29T09:33:48.758+02:00  WARN 21092 --- [           main] JpaBaseConfiguration$JpaWebConfiguration : spring.jpa.open-in-view is enabled by default. Therefore, database queries may be performed during view rendering. Explicitly configure spring.jpa.open-in-view to disable this warning
2024-01-29T09:33:48.795+02:00  INFO 21092 --- [           main] o.s.s.web.DefaultSecurityFilterChain     : Will secure any request with [org.springframework.security.web.session.DisableEncodeUrlFilter@3da18ccf, org.springframework.security.web.context.request.async.WebAsyncManagerIntegrationFilter@6ccd6981, org.springframework.security.web.context.SecurityContextHolderFilter@52a55e15, org.springframework.security.web.header.HeaderWriterFilter@645ac28b, org.springframework.web.filter.CorsFilter@28e64ca0, org.springframework.security.web.csrf.CsrfFilter@635b99f7, org.springframework.security.web.authentication.logout.LogoutFilter@2fe12475, org.springframework.security.web.authentication.UsernamePasswordAuthenticationFilter@6194af6f, org.springframework.security.web.savedrequest.RequestCacheAwareFilter@6d8ee197, org.springframework.security.web.servletapi.SecurityContextHolderAwareRequestFilter@653045d8, org.springframework.security.web.authentication.rememberme.RememberMeAuthenticationFilter@47f0eda4, org.springframework.security.web.authentication.AnonymousAuthenticationFilter@683b19d5, org.springframework.security.web.access.ExceptionTranslationFilter@600d0771, org.springframework.security.web.access.intercept.AuthorizationFilter@520077a5]
2024-01-29T09:33:48.841+02:00  INFO 21092 --- [           main] RamonetJoffreyPayMyBuddyApplicationTests : Started RamonetJoffreyPayMyBuddyApplicationTests in 0.367 seconds (process running for 13.546)
Hibernate: select ba1_0.id,ba1_0.balance,ba1_0.iban,ba1_0.swift from bank_account ba1_0 where ba1_0.id=?
]]></system-out>
  </testcase>
</testsuite>